<?xml version="1.0" encoding="utf-8"?>
<TestRun id="72a20fd2-4df4-48fd-80ba-39dc2d333320" name="massimiliano.balestr@LI-598 2021-01-21 12:41:54" runUser="DELTATRE\massimiliano.balestr" xmlns="http://microsoft.com/schemas/VisualStudio/TeamTest/2010">
  <Times creation="2021-01-21T12:41:54.2687157+01:00" queuing="2021-01-21T12:41:54.2687169+01:00" start="2021-01-21T12:41:51.0164588+01:00" finish="2021-01-21T12:41:54.2754812+01:00" />
  <TestSettings name="default" id="6f4e02e3-a2fd-4b77-8ef0-aaf2ee0a26ad">
    <Deployment runDeploymentRoot="massimiliano.balestr_LI-598_2021-01-21_12_41_54" />
  </TestSettings>
  <Results>
    <UnitTestResult executionId="e88ba212-6e5f-4006-b6ac-e2cdee565a43" testId="6fb18a3f-35f0-da44-5585-371d553f8622" testName="WeatherForecastControllerTestAsync" computerName="LI-598" duration="00:00:00.6942250" startTime="2021-01-21T12:41:53.2975916+01:00" endTime="2021-01-21T12:41:53.9917008+01:00" testType="13cdc9d9-ddb5-4fa4-a97d-d965ccfc6d4b" outcome="Passed" testListId="8c84fa94-04c1-424b-9868-57a2d4851a1d" relativeResultsDirectory="e88ba212-6e5f-4006-b6ac-e2cdee565a43">
      <Output>
        <StdOut>info: Microsoft.AspNetCore.Hosting.Diagnostics[1]&#xD;
      Request starting HTTP/1.1 GET http://localhost/WeatherForecast - -&#xD;
warn: Microsoft.AspNetCore.HttpsPolicy.HttpsRedirectionMiddleware[3]&#xD;
      Failed to determine the https port for redirect.&#xD;
info: Microsoft.AspNetCore.Routing.EndpointMiddleware[0]&#xD;
      Executing endpoint 'FooApi.Controllers.WeatherForecastController.Get (FooApi)'&#xD;
info: Microsoft.AspNetCore.Mvc.Infrastructure.ControllerActionInvoker[3]&#xD;
      Route matched with {action = "Get", controller = "WeatherForecast"}. Executing controller action with signature System.Collections.Generic.IEnumerable`1[FooApi.WeatherForecast] Get() on controller FooApi.Controllers.WeatherForecastController (FooApi).&#xD;
info: Microsoft.AspNetCore.Mvc.Infrastructure.ObjectResultExecutor[1]&#xD;
      Executing ObjectResult, writing value of type 'FooApi.WeatherForecast[]'.&#xD;
info: Microsoft.AspNetCore.Mvc.Infrastructure.ControllerActionInvoker[2]&#xD;
      Executed action FooApi.Controllers.WeatherForecastController.Get (FooApi) in 63.1891ms&#xD;
info: Microsoft.AspNetCore.Routing.EndpointMiddleware[1]&#xD;
      Executed endpoint 'FooApi.Controllers.WeatherForecastController.Get (FooApi)'&#xD;
info: Microsoft.AspNetCore.Hosting.Diagnostics[2]&#xD;
      Request finished HTTP/1.1 GET http://localhost/WeatherForecast - - - 200 - application/json;+charset=utf-8 166.6420ms</StdOut>
      </Output>
    </UnitTestResult>
  </Results>
  <TestDefinitions>
    <UnitTest name="WeatherForecastControllerTestAsync" storage="c:\github\aspnetcore-recipes\testing\03-codecoverage\tests\bin\release\net5.0\fooapintegrationtests.dll" id="6fb18a3f-35f0-da44-5585-371d553f8622">
      <Execution id="e88ba212-6e5f-4006-b6ac-e2cdee565a43" />
      <TestMethod codeBase="C:\Github\aspnetcore-recipes\testing\03-codecoverage\tests\bin\Release\net5.0\FooApIntegrationTests.dll" adapterTypeName="executor://nunit3testexecutor/" className="FooApiIntegrationTests.WeatherForecastControllerTest" name="WeatherForecastControllerTestAsync" />
    </UnitTest>
  </TestDefinitions>
  <TestEntries>
    <TestEntry testId="6fb18a3f-35f0-da44-5585-371d553f8622" executionId="e88ba212-6e5f-4006-b6ac-e2cdee565a43" testListId="8c84fa94-04c1-424b-9868-57a2d4851a1d" />
  </TestEntries>
  <TestLists>
    <TestList name="Results Not in a List" id="8c84fa94-04c1-424b-9868-57a2d4851a1d" />
    <TestList name="All Loaded Results" id="19431567-8539-422a-85d7-44ee4e166bda" />
  </TestLists>
  <ResultSummary outcome="Completed">
    <Counters total="1" executed="1" passed="1" failed="0" error="0" timeout="0" aborted="0" inconclusive="0" passedButRunAborted="0" notRunnable="0" notExecuted="0" disconnected="0" warning="0" completed="0" inProgress="0" pending="0" />
    <Output>
      <StdOut>NUnit Adapter 3.17.0.0: Test execution started&#xD;
Running all tests in C:\Github\aspnetcore-recipes\testing\03-codecoverage\tests\bin\Release\net5.0\FooApIntegrationTests.dll&#xD;
   NUnit3TestExecutor discovered 1 of 1 NUnit test cases&#xD;
info: Microsoft.AspNetCore.Hosting.Diagnostics[1]&#xD;
      Request starting HTTP/1.1 GET http://localhost/WeatherForecast - -&#xD;
warn: Microsoft.AspNetCore.HttpsPolicy.HttpsRedirectionMiddleware[3]&#xD;
      Failed to determine the https port for redirect.&#xD;
info: Microsoft.AspNetCore.Routing.EndpointMiddleware[0]&#xD;
      Executing endpoint 'FooApi.Controllers.WeatherForecastController.Get (FooApi)'&#xD;
info: Microsoft.AspNetCore.Mvc.Infrastructure.ControllerActionInvoker[3]&#xD;
      Route matched with {action = "Get", controller = "WeatherForecast"}. Executing controller action with signature System.Collections.Generic.IEnumerable`1[FooApi.WeatherForecast] Get() on controller FooApi.Controllers.WeatherForecastController (FooApi).&#xD;
info: Microsoft.AspNetCore.Mvc.Infrastructure.ObjectResultExecutor[1]&#xD;
      Executing ObjectResult, writing value of type 'FooApi.WeatherForecast[]'.&#xD;
info: Microsoft.AspNetCore.Mvc.Infrastructure.ControllerActionInvoker[2]&#xD;
      Executed action FooApi.Controllers.WeatherForecastController.Get (FooApi) in 63.1891ms&#xD;
info: Microsoft.AspNetCore.Routing.EndpointMiddleware[1]&#xD;
      Executed endpoint 'FooApi.Controllers.WeatherForecastController.Get (FooApi)'&#xD;
info: Microsoft.AspNetCore.Hosting.Diagnostics[2]&#xD;
      Request finished HTTP/1.1 GET http://localhost/WeatherForecast - - - 200 - application/json;+charset=utf-8 166.6420ms&#xD;
&#xD;
NUnit Adapter 3.17.0.0: Test execution complete&#xD;
</StdOut>
    </Output>
  </ResultSummary>
</TestRun>